[debug] [2023-04-04T22:34:11.046Z] ----------------------------------------------------------------------
[debug] [2023-04-04T22:34:11.048Z] Command:       C:\Program Files\nodejs\node.exe C:\Users\himil\AppData\Roaming\npm\node_modules\firebase-tools\lib\bin\firebase.js init
[debug] [2023-04-04T22:34:11.048Z] CLI Version:   11.25.2
[debug] [2023-04-04T22:34:11.048Z] Platform:      win32
[debug] [2023-04-04T22:34:11.048Z] Node Version:  v18.14.0
[debug] [2023-04-04T22:34:11.049Z] Time:          Tue Apr 04 2023 18:34:11 GMT-0400 (Eastern Daylight Time)
[debug] [2023-04-04T22:34:11.050Z] ----------------------------------------------------------------------
[debug] 
[debug] [2023-04-04T22:34:11.058Z] > command requires scopes: ["email","openid","https://www.googleapis.com/auth/cloudplatformprojects.readonly","https://www.googleapis.com/auth/firebase","https://www.googleapis.com/auth/cloud-platform"]
[debug] [2023-04-04T22:34:11.058Z] > authorizing via signed-in user (himil2003@gmail.com)
[info] 
     ######## #### ########  ######## ########     ###     ######  ########
     ##        ##  ##     ## ##       ##     ##  ##   ##  ##       ##
     ######    ##  ########  ######   ########  #########  ######  ######
     ##        ##  ##    ##  ##       ##     ## ##     ##       ## ##
     ##       #### ##     ## ######## ########  ##     ##  ######  ########

You're about to initialize a Firebase project in this directory:

  C:\Users\himil\OneDrive - Knights - University of Central Florida\Documents\COP4331\largeProject\plantify

[info] 
=== Project Setup
[info] 
[info] First, let's associate this project directory with a Firebase project.
[info] You can create multiple project aliases by running firebase use --add, 
[info] but for now we'll just set up a default project.
[info] 
[debug] [2023-04-04T22:34:19.688Z] >>> [apiv2][query] GET https://firebase.googleapis.com/v1beta1/projects pageSize=100
[debug] [2023-04-04T22:34:20.301Z] <<< [apiv2][status] GET https://firebase.googleapis.com/v1beta1/projects 200
[debug] [2023-04-04T22:34:20.301Z] <<< [apiv2][body] GET https://firebase.googleapis.com/v1beta1/projects [omitted]
[info] i  Using project plantify-d36ed (Plantify) 
[info] 
=== Hosting Setup
[info] 
[info] Your public directory is the folder (relative to your project directory) that
[info] will contain Hosting assets to be uploaded with firebase deploy. If you
[info] have a build process for your assets, use your build's output directory.
[info] 
